<html>
<body>
<pre>
<h1>Vision Build Log</h1>
<h2>Project:</h2>
D:\1海矽\单片机时钟\CA51F2_F3_SDK - V3 - 【20171201】\SW\无线充电时钟\pro.uvproj
Project File Date:  12/29/2017

<h2>Output:</h2>
Rebuild target 'Target 1'
assembling STARTUP.A51...
compiling uart.c...
driver\src\uart.c(9): warning C318: can't open file '../../includes/ca51f3sfr.h'
driver\src\uart.c(10): warning C318: can't open file '../../includes/ca51f3xsfr.h'
driver\src\uart.c(11): warning C318: can't open file '../../includes/gpiodef_f3.h'
driver\src\uart.c(13): warning C318: can't open file '../../includes/system.h'
driver\src\uart.c(14): warning C318: can't open file '../../Library/includes/uart.h'
driver\src\uart.c(28): error C202: 'P31F': undefined identifier
driver\src\uart.c(29): error C202: 'P30F': undefined identifier
driver\src\uart.c(35): error C202: 'uart0_tx_flag': undefined identifier
driver\src\uart.c(40): error C202: 'T2CON': undefined identifier
driver\src\uart.c(41): error C202: 'T2CH': undefined identifier
driver\src\uart.c(42): error C202: 'T2CL': undefined identifier
driver\src\uart.c(43): error C202: 'TH2': undefined identifier
driver\src\uart.c(44): error C202: 'TL2': undefined identifier
driver\src\uart.c(45): error C202: 'TR2': undefined identifier
driver\src\uart.c(61): error C202: 'S0CON': undefined identifier
driver\src\uart.c(62): error C202: 'ES0': undefined identifier
driver\src\uart.c(77): error C202: 'UART0_TX_BUF_SIZE': undefined identifier
driver\src\uart.c(81): error C202: 'ES0': undefined identifier
driver\src\uart.c(85): error C202: 'uart0_tx_flag': undefined identifier
driver\src\uart.c(87): error C202: 'ES0': undefined identifier
driver\src\uart.c(90): error C202: 'S0BUF': undefined identifier
driver\src\uart.c(91): error C202: 'uart0_tx_flag': undefined identifier
driver\src\uart.c(95): error C202: 'ES0': undefined identifier
driver\src\uart.c(103): error C202: 'RI0': undefined identifier
driver\src\uart.c(105): error C202: 'RI0': undefined identifier
driver\src\uart.c(110): error C202: 'TI0': undefined identifier
driver\src\uart.c(112): error C202: 'TI0': undefined identifier
driver\src\uart.c(117): error C202: 'S0BUF': undefined identifier
driver\src\uart.c(121): error C202: 'uart0_tx_flag': undefined identifier
compiling main.c...
APP\main.c(11): warning C318: can't open file '../../includes/ca51f3sfr.h'
APP\main.c(12): warning C318: can't open file '../../includes/ca51f3xsfr.h'
APP\main.c(13): warning C318: can't open file '../../includes/gpiodef_f3.h'
APP\main.c(15): warning C318: can't open file '../../includes/system.h'
APP\main.c(16): warning C318: can't open file '../../Library/includes/uart.h'
APP\main.c(23): warning C206: 'Uart0_Initial': missing function-prototype
APP\main.c(23): error C267: 'Uart0_Initial': requires ANSI-style prototype
APP\main.c(32): error C202: 'EA': undefined identifier
Target not created
Rebuild target 'Target 1'
assembling STARTUP.A51...
compiling uart.c...
driver\src\uart.c(9): warning C318: can't open file '../../includes/ca51f3sfr.h'
driver\src\uart.c(10): warning C318: can't open file '../../includes/ca51f3xsfr.h'
driver\src\uart.c(11): warning C318: can't open file '../../includes/gpiodef_f3.h'
driver\src\uart.c(13): warning C318: can't open file '../../includes/system.h'
driver\src\uart.c(14): warning C318: can't open file '../../Library/includes/uart.h'
driver\src\uart.c(28): error C202: 'P31F': undefined identifier
driver\src\uart.c(29): error C202: 'P30F': undefined identifier
driver\src\uart.c(35): error C202: 'uart0_tx_flag': undefined identifier
driver\src\uart.c(40): error C202: 'T2CON': undefined identifier
driver\src\uart.c(41): error C202: 'T2CH': undefined identifier
driver\src\uart.c(42): error C202: 'T2CL': undefined identifier
driver\src\uart.c(43): error C202: 'TH2': undefined identifier
driver\src\uart.c(44): error C202: 'TL2': undefined identifier
driver\src\uart.c(45): error C202: 'TR2': undefined identifier
driver\src\uart.c(61): error C202: 'S0CON': undefined identifier
driver\src\uart.c(62): error C202: 'ES0': undefined identifier
driver\src\uart.c(77): error C202: 'UART0_TX_BUF_SIZE': undefined identifier
driver\src\uart.c(81): error C202: 'ES0': undefined identifier
driver\src\uart.c(85): error C202: 'uart0_tx_flag': undefined identifier
driver\src\uart.c(87): error C202: 'ES0': undefined identifier
driver\src\uart.c(90): error C202: 'S0BUF': undefined identifier
driver\src\uart.c(91): error C202: 'uart0_tx_flag': undefined identifier
driver\src\uart.c(95): error C202: 'ES0': undefined identifier
driver\src\uart.c(103): error C202: 'RI0': undefined identifier
driver\src\uart.c(105): error C202: 'RI0': undefined identifier
driver\src\uart.c(110): error C202: 'TI0': undefined identifier
driver\src\uart.c(112): error C202: 'TI0': undefined identifier
driver\src\uart.c(117): error C202: 'S0BUF': undefined identifier
driver\src\uart.c(121): error C202: 'uart0_tx_flag': undefined identifier
compiling main.c...
APP\main.c(16): warning C318: can't open file 'uart.h'
APP\main.c(23): warning C206: 'Uart0_Initial': missing function-prototype
APP\main.c(23): error C267: 'Uart0_Initial': requires ANSI-style prototype
Target not created
Rebuild target 'Target 1'
assembling STARTUP.A51...
compiling uart.c...
driver\src\uart.c(14): warning C318: can't open file 'uart.h'
driver\src\uart.c(31): error C200: left side of '.' requires struct/union
driver\src\uart.c(35): error C202: 'uart0_tx_flag': undefined identifier
driver\src\uart.c(77): error C202: 'UART0_TX_BUF_SIZE': undefined identifier
driver\src\uart.c(85): error C202: 'uart0_tx_flag': undefined identifier
driver\src\uart.c(91): error C202: 'uart0_tx_flag': undefined identifier
driver\src\uart.c(121): error C202: 'uart0_tx_flag': undefined identifier
compiling main.c...
APP\main.c(16): warning C318: can't open file 'uart.h'
APP\main.c(23): warning C206: 'Uart0_Initial': missing function-prototype
APP\main.c(23): error C267: 'Uart0_Initial': requires ANSI-style prototype
Target not created
Rebuild target 'Target 1'
assembling STARTUP.A51...
compiling uart.c...
compiling main.c...
linking...
Program Size: data=77.2 xdata=397 code=1815
"pro" - 0 Error(s), 0 Warning(s).
Rebuild target 'Target 1'
assembling STARTUP.A51...
compiling uart.c...
compiling main.c...
linking...
Program Size: data=77.2 xdata=397 code=1815
"pro" - 0 Error(s), 0 Warning(s).
Rebuild target 'Target 1'
assembling STARTUP.A51...
compiling uart.c...
compiling main.c...
linking...
Program Size: data=77.2 xdata=397 code=1815
creating hex file from ".\Output\pro"...
".\Output\pro" - 0 Error(s), 0 Warning(s).
Rebuild target 'Target 1'
assembling STARTUP.A51...
compiling uart.c...
compiling main.c...
linking...
Program Size: data=77.2 xdata=397 code=1815
creating hex file from ".\Output\pro"...
".\Output\pro" - 0 Error(s), 0 Warning(s).
Rebuild target 'Target 1'
assembling STARTUP.A51...
compiling uart.c...
compiling main.c...
linking...
Program Size: data=77.2 xdata=397 code=1813
creating hex file from ".\Output\pro"...
".\Output\pro" - 0 Error(s), 0 Warning(s).
Rebuild target 'Target 1'
assembling STARTUP.A51...
compiling uart.c...
compiling main.c...
linking...
Program Size: data=77.2 xdata=397 code=1813
creating hex file from ".\Output\pro"...
".\Output\pro" - 0 Error(s), 0 Warning(s).
Rebuild target 'Target 1'
assembling STARTUP.A51...
compiling uart.c...
compiling main.c...
linking...
Program Size: data=77.2 xdata=397 code=1813
creating hex file from ".\Output\pro"...
".\Output\pro" - 0 Error(s), 0 Warning(s).
Rebuild target 'Target 1'
assembling STARTUP.A51...
compiling uart.c...
compiling main.c...
linking...
Program Size: data=77.2 xdata=397 code=1813
creating hex file from ".\Output\pro"...
".\Output\pro" - 0 Error(s), 0 Warning(s).
Rebuild target 'Target 1'
assembling STARTUP.A51...
compiling uart.c...
compiling FD612Drv.C...
.\APP\include\FD612Drv.H(18): warning C318: can't open file 'FD814.H'
.\APP\include\FD612Drv.H(34): error C202: 'P3': undefined identifier
.\APP\include\FD612Drv.H(35): error C202: 'P3': undefined identifier
.\APP\include\FD612Drv.H(36): error C202: 'P3': undefined identifier
.\APP\include\FD612Drv.H(37): error C202: 'P3': undefined identifier
compiling FD612Drv_demo.c...
APP\stdriver\FD612Drv_demo.c(1): warning C318: can't open file 'FD814.H'
\1海矽\单片机时钟\CA51F2_F3_SDK - V3 - 【20171201】\SW\无线充电时钟\APP\include\FD612Drv.H(18): warning C318: can't open file 'FD814.H'
\1海矽\单片机时钟\CA51F2_F3_SDK - V3 - 【20171201】\SW\无线充电时钟\APP\include\FD612Drv.H(34): error C202: 'P3': undefined identifier
\1海矽\单片机时钟\CA51F2_F3_SDK - V3 - 【20171201】\SW\无线充电时钟\APP\include\FD612Drv.H(35): error C202: 'P3': undefined identifier
\1海矽\单片机时钟\CA51F2_F3_SDK - V3 - 【20171201】\SW\无线充电时钟\APP\include\FD612Drv.H(36): error C202: 'P3': undefined identifier
\1海矽\单片机时钟\CA51F2_F3_SDK - V3 - 【20171201】\SW\无线充电时钟\APP\include\FD612Drv.H(37): error C202: 'P3': undefined identifier
APP\stdriver\FD612Drv_demo.c(25): error C202: 'FD612_DIO_A': undefined identifier
APP\stdriver\FD612Drv_demo.c(30): error C202: 'FD612_CLK_A': undefined identifier
APP\stdriver\FD612Drv_demo.c(35): error C202: 'FD612_CLK_A': undefined identifier
APP\stdriver\FD612Drv_demo.c(40): error C202: 'FD612_DIO_A': undefined identifier
APP\stdriver\FD612Drv_demo.c(45): error C202: 'FD612_DIO_A': undefined identifier
APP\stdriver\FD612Drv_demo.c(63): error C202: 'FD612_DIO_B': undefined identifier
APP\stdriver\FD612Drv_demo.c(68): error C202: 'FD612_CLK_B': undefined identifier
APP\stdriver\FD612Drv_demo.c(73): error C202: 'FD612_CLK_B': undefined identifier
APP\stdriver\FD612Drv_demo.c(78): error C202: 'FD612_DIO_B': undefined identifier
APP\stdriver\FD612Drv_demo.c(83): error C202: 'FD612_DIO_B': undefined identifier
compiling main.c...
Target not created
Rebuild target 'Target 1'
assembling STARTUP.A51...
compiling uart.c...
compiling FD612Drv.C...
APP\stdriver\FD612Drv.C(384): error C249: 'DATA': SEGMENT TOO LARGE
compiling FD612Drv_demo.c...
APP\stdriver\FD612Drv_demo.c(1): warning C318: can't open file 'FD814.H'
compiling main.c...
Target not created
Rebuild target 'Target 1'
assembling STARTUP.A51...
compiling uart.c...
compiling FD612Drv.C...
compiling FD612Drv_demo.c...
APP\stdriver\FD612Drv_demo.c(1): warning C318: can't open file 'FD814.H'
compiling main.c...
linking...
*** WARNING L16: UNCALLED SEGMENT, IGNORED FOR OVERLAY PROCESS
    SEGMENT: ?PR?_FD612_POTIVETNAGE?FD612DRV
*** WARNING L16: UNCALLED SEGMENT, IGNORED FOR OVERLAY PROCESS
    SEGMENT: ?PR?FD612_APP_INIT?FD612DRV_DEMO
Program Size: data=15.2 xdata=842 code=4115
creating hex file from ".\Output\pro"...
".\Output\pro" - 0 Error(s), 3 Warning(s).
Rebuild target 'Target 1'
assembling STARTUP.A51...
compiling uart.c...
compiling FD612Drv.C...
compiling FD612Drv_demo.c...
compiling main.c...
linking...
*** WARNING L16: UNCALLED SEGMENT, IGNORED FOR OVERLAY PROCESS
    SEGMENT: ?PR?_FD612_POTIVETNAGE?FD612DRV
*** WARNING L16: UNCALLED SEGMENT, IGNORED FOR OVERLAY PROCESS
    SEGMENT: ?PR?FD612_APP_INIT?FD612DRV_DEMO
Program Size: data=15.2 xdata=842 code=4115
creating hex file from ".\Output\pro"...
".\Output\pro" - 0 Error(s), 2 Warning(s).
Rebuild target 'Target 1'
assembling STARTUP.A51...
compiling uart.c...
compiling FD612Drv.C...
compiling FD612Drv_demo.c...
compiling main.c...
linking...
*** WARNING L16: UNCALLED SEGMENT, IGNORED FOR OVERLAY PROCESS
    SEGMENT: ?PR?_FD612_POTIVETNAGE?FD612DRV
*** WARNING L16: UNCALLED SEGMENT, IGNORED FOR OVERLAY PROCESS
    SEGMENT: ?PR?FD612_APP_INIT?FD612DRV_DEMO
Program Size: data=15.2 xdata=842 code=4115
creating hex file from ".\Output\pro"...
".\Output\pro" - 0 Error(s), 2 Warning(s).
Rebuild target 'Target 1'
assembling STARTUP.A51...
compiling uart.c...
compiling FD612Drv.C...
compiling FD612Drv_demo.c...
compiling main.c...
linking...
*** WARNING L16: UNCALLED SEGMENT, IGNORED FOR OVERLAY PROCESS
    SEGMENT: ?PR?FD612_APP_INIT?FD612DRV_DEMO
Program Size: data=15.2 xdata=805 code=4450
creating hex file from ".\Output\pro"...
".\Output\pro" - 0 Error(s), 1 Warning(s).
Rebuild target 'Target 1'
assembling STARTUP.A51...
compiling uart.c...
compiling FD612Drv.C...
compiling FD612Drv_demo.c...
compiling main.c...
linking...
Program Size: data=15.2 xdata=793 code=4453
creating hex file from ".\Output\pro"...
".\Output\pro" - 0 Error(s), 0 Warning(s).
Rebuild target 'Target 1'
assembling STARTUP.A51...
compiling uart.c...
compiling FD612Drv.C...
compiling FD612Drv_demo.c...
compiling main.c...
linking...
Program Size: data=15.2 xdata=793 code=4453
creating hex file from ".\Output\pro"...
".\Output\pro" - 0 Error(s), 0 Warning(s).
Rebuild target 'Target 1'
assembling STARTUP.A51...
compiling uart.c...
compiling FD612Drv.C...
compiling FD612Drv_demo.c...
compiling main.c...
linking...
*** WARNING L16: UNCALLED SEGMENT, IGNORED FOR OVERLAY PROCESS
    SEGMENT: ?PR?FD612_TEST?FD612DRV_DEMO
Program Size: data=15.2 xdata=800 code=4450
creating hex file from ".\Output\pro"...
".\Output\pro" - 0 Error(s), 1 Warning(s).
Rebuild target 'Target 1'
assembling STARTUP.A51...
compiling uart.c...
compiling FD612Drv.C...
compiling FD612Drv_demo.c...
compiling main.c...
linking...
*** WARNING L16: UNCALLED SEGMENT, IGNORED FOR OVERLAY PROCESS
    SEGMENT: ?PR?FD612_TEST?FD612DRV_DEMO
Program Size: data=15.2 xdata=800 code=4450
creating hex file from ".\Output\pro"...
".\Output\pro" - 0 Error(s), 1 Warning(s).
Rebuild target 'Target 1'
assembling STARTUP.A51...
compiling uart.c...
compiling FD612Drv.C...
compiling FD612Drv_demo.c...
compiling main.c...
linking...
*** WARNING L16: UNCALLED SEGMENT, IGNORED FOR OVERLAY PROCESS
    SEGMENT: ?PR?FD612_APP_INIT?FD612DRV_DEMO
*** WARNING L16: UNCALLED SEGMENT, IGNORED FOR OVERLAY PROCESS
    SEGMENT: ?PR?FD612_TEST?FD612DRV_DEMO
Program Size: data=15.2 xdata=842 code=4447
creating hex file from ".\Output\pro"...
".\Output\pro" - 0 Error(s), 2 Warning(s).
